{"C:\\Users\\localuser\\Documents\\GitHub\\Gifts_List\\backend\\dist\\app.js": {"path":"C:\\Users\\localuser\\Documents\\GitHub\\Gifts_List\\backend\\dist\\app.js","statementMap":{"0":{"start":{"line":2,"column":22},"end":{"line":4,"column":1}},"1":{"start":{"line":3,"column":4},"end":{"line":3,"column":62}},"2":{"start":{"line":5,"column":0},"end":{"line":5,"column":62}},"3":{"start":{"line":6,"column":0},"end":{"line":6,"column":21}},"4":{"start":{"line":7,"column":18},"end":{"line":7,"column":53}},"5":{"start":{"line":8,"column":23},"end":{"line":8,"column":72}},"6":{"start":{"line":9,"column":19},"end":{"line":9,"column":40}},"7":{"start":{"line":12,"column":8},"end":{"line":12,"column":44}},"8":{"start":{"line":13,"column":8},"end":{"line":13,"column":22}},"9":{"start":{"line":14,"column":8},"end":{"line":14,"column":56}},"10":{"start":{"line":15,"column":8},"end":{"line":15,"column":34}},"11":{"start":{"line":16,"column":8},"end":{"line":16,"column":30}},"12":{"start":{"line":17,"column":8},"end":{"line":17,"column":22}},"13":{"start":{"line":20,"column":8},"end":{"line":20,"column":47}},"14":{"start":{"line":21,"column":8},"end":{"line":21,"column":71}},"15":{"start":{"line":24,"column":8},"end":{"line":24,"column":45}},"16":{"start":{"line":27,"column":8},"end":{"line":29,"column":11}},"17":{"start":{"line":28,"column":12},"end":{"line":28,"column":35}},"18":{"start":{"line":32,"column":8},"end":{"line":34,"column":11}},"19":{"start":{"line":33,"column":12},"end":{"line":33,"column":46}},"20":{"start":{"line":37,"column":0},"end":{"line":37,"column":18}}},"fnMap":{"0":{"name":"(anonymous_0)","decl":{"start":{"line":2,"column":56},"end":{"line":2,"column":57}},"loc":{"start":{"line":2,"column":71},"end":{"line":4,"column":1}},"line":2},"1":{"name":"(anonymous_1)","decl":{"start":{"line":11,"column":4},"end":{"line":11,"column":5}},"loc":{"start":{"line":11,"column":18},"end":{"line":18,"column":5}},"line":11},"2":{"name":"(anonymous_2)","decl":{"start":{"line":19,"column":4},"end":{"line":19,"column":5}},"loc":{"start":{"line":19,"column":13},"end":{"line":22,"column":5}},"line":19},"3":{"name":"(anonymous_3)","decl":{"start":{"line":23,"column":4},"end":{"line":23,"column":5}},"loc":{"start":{"line":23,"column":13},"end":{"line":25,"column":5}},"line":23},"4":{"name":"(anonymous_4)","decl":{"start":{"line":26,"column":4},"end":{"line":26,"column":5}},"loc":{"start":{"line":26,"column":21},"end":{"line":30,"column":5}},"line":26},"5":{"name":"(anonymous_5)","decl":{"start":{"line":27,"column":26},"end":{"line":27,"column":27}},"loc":{"start":{"line":27,"column":40},"end":{"line":29,"column":9}},"line":27},"6":{"name":"(anonymous_6)","decl":{"start":{"line":31,"column":4},"end":{"line":31,"column":5}},"loc":{"start":{"line":31,"column":17},"end":{"line":35,"column":5}},"line":31},"7":{"name":"(anonymous_7)","decl":{"start":{"line":32,"column":30},"end":{"line":32,"column":31}},"loc":{"start":{"line":32,"column":36},"end":{"line":34,"column":9}},"line":32}},"branchMap":{"0":{"loc":{"start":{"line":2,"column":22},"end":{"line":4,"column":1}},"type":"binary-expr","locations":[{"start":{"line":2,"column":23},"end":{"line":2,"column":27}},{"start":{"line":2,"column":31},"end":{"line":2,"column":51}},{"start":{"line":2,"column":56},"end":{"line":4,"column":1}}],"line":2},"1":{"loc":{"start":{"line":3,"column":11},"end":{"line":3,"column":61}},"type":"cond-expr","locations":[{"start":{"line":3,"column":37},"end":{"line":3,"column":40}},{"start":{"line":3,"column":43},"end":{"line":3,"column":61}}],"line":3},"2":{"loc":{"start":{"line":3,"column":12},"end":{"line":3,"column":33}},"type":"binary-expr","locations":[{"start":{"line":3,"column":12},"end":{"line":3,"column":15}},{"start":{"line":3,"column":19},"end":{"line":3,"column":33}}],"line":3}},"s":{"0":1,"1":2,"2":1,"3":1,"4":1,"5":1,"6":1,"7":2,"8":2,"9":2,"10":2,"11":2,"12":2,"13":2,"14":2,"15":2,"16":2,"17":1,"18":0,"19":0,"20":1},"f":{"0":2,"1":2,"2":2,"3":2,"4":2,"5":1,"6":0,"7":0},"b":{"0":[1,1,1],"1":[1,1],"2":[2,2]},"inputSourceMap":null,"_coverageSchema":"1a1c01bbd47fc00a2c39e90264f33305004495a9","hash":"51033e00199cae062e5371283d0aa408507201b2"}
,"C:\\Users\\localuser\\Documents\\GitHub\\Gifts_List\\backend\\dist\\controllers\\Controller.js": {"path":"C:\\Users\\localuser\\Documents\\GitHub\\Gifts_List\\backend\\dist\\controllers\\Controller.js","statementMap":{"0":{"start":{"line":2,"column":0},"end":{"line":2,"column":62}},"1":{"start":{"line":3,"column":0},"end":{"line":3,"column":28}},"2":{"start":{"line":4,"column":19},"end":{"line":4,"column":50}},"3":{"start":{"line":7,"column":8},"end":{"line":7,"column":49}},"4":{"start":{"line":11,"column":42},"end":{"line":11,"column":50}},"5":{"start":{"line":12,"column":8},"end":{"line":21,"column":9}},"6":{"start":{"line":13,"column":27},"end":{"line":13,"column":80}},"7":{"start":{"line":14,"column":12},"end":{"line":16,"column":13}},"8":{"start":{"line":15,"column":16},"end":{"line":15,"column":60}},"9":{"start":{"line":17,"column":12},"end":{"line":17,"column":48}},"10":{"start":{"line":20,"column":12},"end":{"line":20,"column":24}},"11":{"start":{"line":24,"column":0},"end":{"line":24,"column":32}}},"fnMap":{"0":{"name":"(anonymous_0)","decl":{"start":{"line":6,"column":4},"end":{"line":6,"column":5}},"loc":{"start":{"line":6,"column":18},"end":{"line":8,"column":5}},"line":6},"1":{"name":"(anonymous_1)","decl":{"start":{"line":10,"column":4},"end":{"line":10,"column":5}},"loc":{"start":{"line":10,"column":32},"end":{"line":22,"column":5}},"line":10}},"branchMap":{"0":{"loc":{"start":{"line":14,"column":12},"end":{"line":16,"column":13}},"type":"if","locations":[{"start":{"line":14,"column":12},"end":{"line":16,"column":13}},{"start":{},"end":{}}],"line":14}},"s":{"0":1,"1":1,"2":1,"3":2,"4":1,"5":1,"6":1,"7":1,"8":0,"9":1,"10":0,"11":1},"f":{"0":2,"1":1},"b":{"0":[0,1]},"inputSourceMap":null,"_coverageSchema":"1a1c01bbd47fc00a2c39e90264f33305004495a9","hash":"4d633bf57a22f624df54407813c8562650420e9f"}
,"C:\\Users\\localuser\\Documents\\GitHub\\Gifts_List\\backend\\dist\\dataBase\\index.js": {"path":"C:\\Users\\localuser\\Documents\\GitHub\\Gifts_List\\backend\\dist\\dataBase\\index.js","statementMap":{"0":{"start":{"line":2,"column":22},"end":{"line":4,"column":1}},"1":{"start":{"line":3,"column":4},"end":{"line":3,"column":62}},"2":{"start":{"line":5,"column":0},"end":{"line":5,"column":62}},"3":{"start":{"line":6,"column":0},"end":{"line":6,"column":30}},"4":{"start":{"line":7,"column":17},"end":{"line":7,"column":51}},"5":{"start":{"line":8,"column":19},"end":{"line":8,"column":55}},"6":{"start":{"line":9,"column":0},"end":{"line":9,"column":45}},"7":{"start":{"line":12,"column":19},"end":{"line":12,"column":49}},"8":{"start":{"line":14,"column":8},"end":{"line":21,"column":11}},"9":{"start":{"line":17,"column":12},"end":{"line":17,"column":59}},"10":{"start":{"line":20,"column":12},"end":{"line":20,"column":62}},"11":{"start":{"line":24,"column":0},"end":{"line":24,"column":36}}},"fnMap":{"0":{"name":"(anonymous_0)","decl":{"start":{"line":2,"column":56},"end":{"line":2,"column":57}},"loc":{"start":{"line":2,"column":71},"end":{"line":4,"column":1}},"line":2},"1":{"name":"(anonymous_1)","decl":{"start":{"line":11,"column":4},"end":{"line":11,"column":5}},"loc":{"start":{"line":11,"column":14},"end":{"line":22,"column":5}},"line":11},"2":{"name":"(anonymous_2)","decl":{"start":{"line":16,"column":18},"end":{"line":16,"column":19}},"loc":{"start":{"line":16,"column":24},"end":{"line":18,"column":9}},"line":16},"3":{"name":"(anonymous_3)","decl":{"start":{"line":19,"column":19},"end":{"line":19,"column":20}},"loc":{"start":{"line":19,"column":28},"end":{"line":21,"column":9}},"line":19}},"branchMap":{"0":{"loc":{"start":{"line":2,"column":22},"end":{"line":4,"column":1}},"type":"binary-expr","locations":[{"start":{"line":2,"column":23},"end":{"line":2,"column":27}},{"start":{"line":2,"column":31},"end":{"line":2,"column":51}},{"start":{"line":2,"column":56},"end":{"line":4,"column":1}}],"line":2},"1":{"loc":{"start":{"line":3,"column":11},"end":{"line":3,"column":61}},"type":"cond-expr","locations":[{"start":{"line":3,"column":37},"end":{"line":3,"column":40}},{"start":{"line":3,"column":43},"end":{"line":3,"column":61}}],"line":3},"2":{"loc":{"start":{"line":3,"column":12},"end":{"line":3,"column":33}},"type":"binary-expr","locations":[{"start":{"line":3,"column":12},"end":{"line":3,"column":15}},{"start":{"line":3,"column":19},"end":{"line":3,"column":33}}],"line":3},"3":{"loc":{"start":{"line":12,"column":19},"end":{"line":12,"column":49}},"type":"binary-expr","locations":[{"start":{"line":12,"column":19},"end":{"line":12,"column":43}},{"start":{"line":12,"column":47},"end":{"line":12,"column":49}}],"line":12}},"s":{"0":1,"1":2,"2":1,"3":1,"4":1,"5":1,"6":1,"7":2,"8":2,"9":2,"10":0,"11":1},"f":{"0":2,"1":2,"2":2,"3":0},"b":{"0":[1,1,1],"1":[0,2],"2":[2,2],"3":[2,0]},"inputSourceMap":null,"_coverageSchema":"1a1c01bbd47fc00a2c39e90264f33305004495a9","hash":"adb1d6177a5e5dc4fcd99c60ee57aa6fe032f116"}
,"C:\\Users\\localuser\\Documents\\GitHub\\Gifts_List\\backend\\dist\\models\\Schema.js": {"path":"C:\\Users\\localuser\\Documents\\GitHub\\Gifts_List\\backend\\dist\\models\\Schema.js","statementMap":{"0":{"start":{"line":2,"column":22},"end":{"line":4,"column":1}},"1":{"start":{"line":3,"column":4},"end":{"line":3,"column":62}},"2":{"start":{"line":5,"column":0},"end":{"line":5,"column":62}},"3":{"start":{"line":6,"column":0},"end":{"line":6,"column":23}},"4":{"start":{"line":7,"column":19},"end":{"line":7,"column":55}},"5":{"start":{"line":9,"column":19},"end":{"line":13,"column":2}},"6":{"start":{"line":14,"column":14},"end":{"line":14,"column":67}},"7":{"start":{"line":15,"column":0},"end":{"line":15,"column":22}}},"fnMap":{"0":{"name":"(anonymous_0)","decl":{"start":{"line":2,"column":56},"end":{"line":2,"column":57}},"loc":{"start":{"line":2,"column":71},"end":{"line":4,"column":1}},"line":2}},"branchMap":{"0":{"loc":{"start":{"line":2,"column":22},"end":{"line":4,"column":1}},"type":"binary-expr","locations":[{"start":{"line":2,"column":23},"end":{"line":2,"column":27}},{"start":{"line":2,"column":31},"end":{"line":2,"column":51}},{"start":{"line":2,"column":56},"end":{"line":4,"column":1}}],"line":2},"1":{"loc":{"start":{"line":3,"column":11},"end":{"line":3,"column":61}},"type":"cond-expr","locations":[{"start":{"line":3,"column":37},"end":{"line":3,"column":40}},{"start":{"line":3,"column":43},"end":{"line":3,"column":61}}],"line":3},"2":{"loc":{"start":{"line":3,"column":12},"end":{"line":3,"column":33}},"type":"binary-expr","locations":[{"start":{"line":3,"column":12},"end":{"line":3,"column":15}},{"start":{"line":3,"column":19},"end":{"line":3,"column":33}}],"line":3}},"s":{"0":1,"1":1,"2":1,"3":1,"4":1,"5":1,"6":1,"7":1},"f":{"0":1},"b":{"0":[1,1,1],"1":[0,1],"2":[1,1]},"inputSourceMap":null,"_coverageSchema":"1a1c01bbd47fc00a2c39e90264f33305004495a9","hash":"71886bba477c917f2430baf3046d85186abdbf55"}
,"C:\\Users\\localuser\\Documents\\GitHub\\Gifts_List\\backend\\dist\\repositories\\UserRepository.js": {"path":"C:\\Users\\localuser\\Documents\\GitHub\\Gifts_List\\backend\\dist\\repositories\\UserRepository.js","statementMap":{"0":{"start":{"line":2,"column":0},"end":{"line":2,"column":62}},"1":{"start":{"line":3,"column":0},"end":{"line":3,"column":32}},"2":{"start":{"line":4,"column":17},"end":{"line":4,"column":44}},"3":{"start":{"line":7,"column":21},"end":{"line":7,"column":75}},"4":{"start":{"line":8,"column":27},"end":{"line":8,"column":42}},"5":{"start":{"line":9,"column":8},"end":{"line":9,"column":35}},"6":{"start":{"line":10,"column":8},"end":{"line":10,"column":26}},"7":{"start":{"line":13,"column":23},"end":{"line":13,"column":63}},"8":{"start":{"line":15,"column":8},"end":{"line":15,"column":22}},"9":{"start":{"line":18,"column":0},"end":{"line":18,"column":40}}},"fnMap":{"0":{"name":"(anonymous_0)","decl":{"start":{"line":6,"column":4},"end":{"line":6,"column":5}},"loc":{"start":{"line":6,"column":44},"end":{"line":11,"column":5}},"line":6},"1":{"name":"(anonymous_1)","decl":{"start":{"line":12,"column":4},"end":{"line":12,"column":5}},"loc":{"start":{"line":12,"column":33},"end":{"line":16,"column":5}},"line":12}},"branchMap":{},"s":{"0":1,"1":1,"2":1,"3":1,"4":1,"5":1,"6":1,"7":1,"8":1,"9":1},"f":{"0":1,"1":1},"b":{},"inputSourceMap":null,"_coverageSchema":"1a1c01bbd47fc00a2c39e90264f33305004495a9","hash":"36419e65ce9e97b7da7247d6011ffaaed3c375e7"}
,"C:\\Users\\localuser\\Documents\\GitHub\\Gifts_List\\backend\\dist\\routes\\Users.Routes.js": {"path":"C:\\Users\\localuser\\Documents\\GitHub\\Gifts_List\\backend\\dist\\routes\\Users.Routes.js","statementMap":{"0":{"start":{"line":2,"column":0},"end":{"line":2,"column":62}},"1":{"start":{"line":3,"column":18},"end":{"line":3,"column":36}},"2":{"start":{"line":4,"column":21},"end":{"line":4,"column":57}},"3":{"start":{"line":7,"column":8},"end":{"line":7,"column":46}},"4":{"start":{"line":8,"column":8},"end":{"line":8,"column":61}},"5":{"start":{"line":9,"column":8},"end":{"line":9,"column":25}},"6":{"start":{"line":10,"column":8},"end":{"line":10,"column":39}},"7":{"start":{"line":13,"column":8},"end":{"line":13,"column":85}},"8":{"start":{"line":16,"column":0},"end":{"line":16,"column":25}}},"fnMap":{"0":{"name":"(anonymous_0)","decl":{"start":{"line":6,"column":4},"end":{"line":6,"column":5}},"loc":{"start":{"line":6,"column":21},"end":{"line":11,"column":5}},"line":6},"1":{"name":"(anonymous_1)","decl":{"start":{"line":12,"column":4},"end":{"line":12,"column":5}},"loc":{"start":{"line":12,"column":16},"end":{"line":14,"column":5}},"line":12}},"branchMap":{},"s":{"0":1,"1":1,"2":1,"3":2,"4":2,"5":2,"6":2,"7":2,"8":1},"f":{"0":2,"1":2},"b":{},"inputSourceMap":null,"_coverageSchema":"1a1c01bbd47fc00a2c39e90264f33305004495a9","hash":"63c606227bc8f3bf8716fccd679a7ec65c7d19b3"}
,"C:\\Users\\localuser\\Documents\\GitHub\\Gifts_List\\backend\\dist\\useCases\\UseCases.js": {"path":"C:\\Users\\localuser\\Documents\\GitHub\\Gifts_List\\backend\\dist\\useCases\\UseCases.js","statementMap":{"0":{"start":{"line":2,"column":0},"end":{"line":2,"column":62}},"1":{"start":{"line":3,"column":0},"end":{"line":3,"column":25}},"2":{"start":{"line":4,"column":17},"end":{"line":4,"column":34}},"3":{"start":{"line":5,"column":25},"end":{"line":5,"column":66}},"4":{"start":{"line":8,"column":8},"end":{"line":8,"column":68}},"5":{"start":{"line":11,"column":25},"end":{"line":11,"column":73}},"6":{"start":{"line":12,"column":8},"end":{"line":14,"column":9}},"7":{"start":{"line":13,"column":12},"end":{"line":13,"column":51}},"8":{"start":{"line":15,"column":29},"end":{"line":15,"column":66}},"9":{"start":{"line":17,"column":8},"end":{"line":23,"column":9}},"10":{"start":{"line":18,"column":27},"end":{"line":18,"column":100}},"11":{"start":{"line":19,"column":12},"end":{"line":19,"column":26}},"12":{"start":{"line":22,"column":12},"end":{"line":22,"column":49}},"13":{"start":{"line":26,"column":0},"end":{"line":26,"column":26}}},"fnMap":{"0":{"name":"(anonymous_0)","decl":{"start":{"line":7,"column":4},"end":{"line":7,"column":5}},"loc":{"start":{"line":7,"column":18},"end":{"line":9,"column":5}},"line":7},"1":{"name":"(anonymous_1)","decl":{"start":{"line":10,"column":4},"end":{"line":10,"column":5}},"loc":{"start":{"line":10,"column":44},"end":{"line":24,"column":5}},"line":10}},"branchMap":{"0":{"loc":{"start":{"line":12,"column":8},"end":{"line":14,"column":9}},"type":"if","locations":[{"start":{"line":12,"column":8},"end":{"line":14,"column":9}},{"start":{},"end":{}}],"line":12}},"s":{"0":1,"1":1,"2":1,"3":1,"4":2,"5":1,"6":1,"7":0,"8":1,"9":1,"10":1,"11":1,"12":0,"13":1},"f":{"0":2,"1":1},"b":{"0":[0,1]},"inputSourceMap":null,"_coverageSchema":"1a1c01bbd47fc00a2c39e90264f33305004495a9","hash":"64aeacbda3335dcab1bebdd002eef42b535cb737"}
,"C:\\Users\\localuser\\Documents\\GitHub\\Gifts_List\\backend\\src\\app.ts": {"path":"C:\\Users\\localuser\\Documents\\GitHub\\Gifts_List\\backend\\src\\app.ts","statementMap":{"0":{"start":{"line":1,"column":0},"end":{"line":1,"column":47}},"1":{"start":{"line":2,"column":0},"end":{"line":2,"column":43}},"2":{"start":{"line":3,"column":0},"end":{"line":3,"column":42}},"3":{"start":{"line":9,"column":8},"end":{"line":9,"column":29}},"4":{"start":{"line":10,"column":8},"end":{"line":10,"column":22}},"5":{"start":{"line":11,"column":8},"end":{"line":11,"column":45}},"6":{"start":{"line":12,"column":8},"end":{"line":12,"column":34}},"7":{"start":{"line":13,"column":8},"end":{"line":13,"column":30}},"8":{"start":{"line":14,"column":8},"end":{"line":14,"column":22}},"9":{"start":{"line":18,"column":8},"end":{"line":18,"column":37}},"10":{"start":{"line":19,"column":8},"end":{"line":19,"column":61}},"11":{"start":{"line":23,"column":8},"end":{"line":23,"column":29}},"12":{"start":{"line":27,"column":8},"end":{"line":29,"column":null}},"13":{"start":{"line":28,"column":12},"end":{"line":28,"column":null}},"14":{"start":{"line":33,"column":8},"end":{"line":35,"column":11}},"15":{"start":{"line":34,"column":12},"end":{"line":34,"column":46}},"16":{"start":{"line":5,"column":0},"end":{"line":5,"column":13}}},"fnMap":{"0":{"name":"(anonymous_1)","decl":{"start":{"line":8,"column":4},"end":{"line":8,"column":null}},"loc":{"start":{"line":8,"column":4},"end":{"line":15,"column":5}}},"1":{"name":"(anonymous_2)","decl":{"start":{"line":17,"column":12},"end":{"line":17,"column":18}},"loc":{"start":{"line":17,"column":18},"end":{"line":20,"column":5}}},"2":{"name":"(anonymous_3)","decl":{"start":{"line":22,"column":12},"end":{"line":22,"column":18}},"loc":{"start":{"line":22,"column":18},"end":{"line":24,"column":5}}},"3":{"name":"(anonymous_4)","decl":{"start":{"line":26,"column":12},"end":{"line":26,"column":26}},"loc":{"start":{"line":26,"column":26},"end":{"line":30,"column":5}}},"4":{"name":"(anonymous_5)","decl":{"start":{"line":27,"column":26},"end":{"line":27,"column":27}},"loc":{"start":{"line":27,"column":39},"end":{"line":29,"column":9}}},"5":{"name":"(anonymous_6)","decl":{"start":{"line":32,"column":4},"end":{"line":32,"column":10}},"loc":{"start":{"line":32,"column":23},"end":{"line":36,"column":5}}},"6":{"name":"(anonymous_7)","decl":{"start":{"line":33,"column":30},"end":{"line":33,"column":33}},"loc":{"start":{"line":33,"column":35},"end":{"line":35,"column":9}}}},"branchMap":{},"s":{"0":1,"1":1,"2":1,"3":2,"4":2,"5":2,"6":2,"7":2,"8":2,"9":2,"10":2,"11":2,"12":2,"13":1,"14":0,"15":0,"16":1},"f":{"0":2,"1":2,"2":2,"3":2,"4":1,"5":0,"6":0},"b":{}}
,"C:\\Users\\localuser\\Documents\\GitHub\\Gifts_List\\backend\\src\\controllers\\Controller.ts": {"path":"C:\\Users\\localuser\\Documents\\GitHub\\Gifts_List\\backend\\src\\controllers\\Controller.ts","statementMap":{"0":{"start":{"line":2,"column":0},"end":{"line":2,"column":47}},"1":{"start":{"line":7,"column":8},"end":{"line":7,"column":38}},"2":{"start":{"line":13,"column":42},"end":{"line":13,"column":50}},"3":{"start":{"line":15,"column":8},"end":{"line":26,"column":9}},"4":{"start":{"line":16,"column":27},"end":{"line":16,"column":80}},"5":{"start":{"line":17,"column":12},"end":{"line":19,"column":13}},"6":{"start":{"line":18,"column":16},"end":{"line":18,"column":60}},"7":{"start":{"line":22,"column":12},"end":{"line":22,"column":48}},"8":{"start":{"line":25,"column":12},"end":{"line":25,"column":null}},"9":{"start":{"line":30,"column":9},"end":{"line":30,"column":19}}},"fnMap":{"0":{"name":"(anonymous_0)","decl":{"start":{"line":6,"column":4},"end":{"line":6,"column":null}},"loc":{"start":{"line":6,"column":4},"end":{"line":8,"column":5}}},"1":{"name":"(anonymous_1)","decl":{"start":{"line":12,"column":4},"end":{"line":12,"column":9}},"loc":{"start":{"line":12,"column":63},"end":{"line":27,"column":5}}}},"branchMap":{"0":{"loc":{"start":{"line":17,"column":12},"end":{"line":19,"column":13}},"type":"if","locations":[{"start":{"line":17,"column":12},"end":{"line":19,"column":13}}]}},"s":{"0":1,"1":2,"2":2,"3":2,"4":2,"5":1,"6":0,"7":1,"8":1,"9":1},"f":{"0":2,"1":2},"b":{"0":[0]}}
,"C:\\Users\\localuser\\Documents\\GitHub\\Gifts_List\\backend\\src\\dataBase\\index.ts": {"path":"C:\\Users\\localuser\\Documents\\GitHub\\Gifts_List\\backend\\src\\dataBase\\index.ts","statementMap":{"0":{"start":{"line":1,"column":0},"end":{"line":1,"column":28}},"1":{"start":{"line":2,"column":0},"end":{"line":2,"column":32}},"2":{"start":{"line":4,"column":0},"end":{"line":4,"column":35}},"3":{"start":{"line":9,"column":19},"end":{"line":9,"column":49}},"4":{"start":{"line":11,"column":8},"end":{"line":18,"column":15}},"5":{"start":{"line":14,"column":16},"end":{"line":14,"column":63}},"6":{"start":{"line":17,"column":16},"end":{"line":17,"column":66}},"7":{"start":{"line":22,"column":9},"end":{"line":22,"column":21}}},"fnMap":{"0":{"name":"(anonymous_1)","decl":{"start":{"line":8,"column":4},"end":{"line":8,"column":11}},"loc":{"start":{"line":8,"column":11},"end":{"line":19,"column":5}}},"1":{"name":"(anonymous_2)","decl":{"start":{"line":13,"column":18},"end":{"line":13,"column":21}},"loc":{"start":{"line":13,"column":23},"end":{"line":15,"column":13}}},"2":{"name":"(anonymous_3)","decl":{"start":{"line":16,"column":19},"end":{"line":16,"column":20}},"loc":{"start":{"line":16,"column":27},"end":{"line":18,"column":13}}}},"branchMap":{"0":{"loc":{"start":{"line":9,"column":19},"end":{"line":9,"column":49}},"type":"binary-expr","locations":[{"start":{"line":9,"column":19},"end":{"line":9,"column":43}},{"start":{"line":9,"column":47},"end":{"line":9,"column":49}}]}},"s":{"0":1,"1":1,"2":1,"3":2,"4":2,"5":2,"6":0,"7":1},"f":{"0":2,"1":2,"2":0},"b":{"0":[2,0]}}
,"C:\\Users\\localuser\\Documents\\GitHub\\Gifts_List\\backend\\src\\models\\Schema.ts": {"path":"C:\\Users\\localuser\\Documents\\GitHub\\Gifts_List\\backend\\src\\models\\Schema.ts","statementMap":{"0":{"start":{"line":1,"column":0},"end":{"line":1,"column":32}},"1":{"start":{"line":4,"column":19},"end":{"line":8,"column":2}},"2":{"start":{"line":9,"column":14},"end":{"line":9,"column":59}},"3":{"start":{"line":11,"column":10},"end":{"line":11,"column":15}}},"fnMap":{},"branchMap":{},"s":{"0":1,"1":1,"2":1,"3":1},"f":{},"b":{}}
,"C:\\Users\\localuser\\Documents\\GitHub\\Gifts_List\\backend\\src\\repositories\\UserRepository.ts": {"path":"C:\\Users\\localuser\\Documents\\GitHub\\Gifts_List\\backend\\src\\repositories\\UserRepository.ts","statementMap":{"0":{"start":{"line":2,"column":0},"end":{"line":2,"column":41}},"1":{"start":{"line":7,"column":21},"end":{"line":7,"column":66}},"2":{"start":{"line":8,"column":27},"end":{"line":8,"column":42}},"3":{"start":{"line":9,"column":8},"end":{"line":9,"column":35}},"4":{"start":{"line":10,"column":8},"end":{"line":10,"column":26}},"5":{"start":{"line":15,"column":23},"end":{"line":15,"column":54}},"6":{"start":{"line":17,"column":8},"end":{"line":17,"column":22}},"7":{"start":{"line":21,"column":8},"end":{"line":21,"column":22}}},"fnMap":{"0":{"name":"(anonymous_0)","decl":{"start":{"line":6,"column":4},"end":{"line":6,"column":9}},"loc":{"start":{"line":6,"column":50},"end":{"line":12,"column":5}}},"1":{"name":"(anonymous_1)","decl":{"start":{"line":14,"column":4},"end":{"line":14,"column":9}},"loc":{"start":{"line":14,"column":39},"end":{"line":18,"column":5}}}},"branchMap":{},"s":{"0":1,"1":1,"2":1,"3":1,"4":1,"5":2,"6":2,"7":1},"f":{"0":1,"1":2},"b":{}}
,"C:\\Users\\localuser\\Documents\\GitHub\\Gifts_List\\backend\\src\\routes\\Users.Routes.ts": {"path":"C:\\Users\\localuser\\Documents\\GitHub\\Gifts_List\\backend\\src\\routes\\Users.Routes.ts","statementMap":{"0":{"start":{"line":1,"column":0},"end":{"line":1,"column":46}},"1":{"start":{"line":2,"column":0},"end":{"line":2,"column":55}},"2":{"start":{"line":9,"column":8},"end":{"line":9,"column":31}},"3":{"start":{"line":10,"column":8},"end":{"line":10,"column":48}},"4":{"start":{"line":11,"column":8},"end":{"line":11,"column":25}},"5":{"start":{"line":12,"column":8},"end":{"line":12,"column":39}},"6":{"start":{"line":16,"column":8},"end":{"line":16,"column":85}},"7":{"start":{"line":20,"column":0},"end":{"line":20,"column":22}}},"fnMap":{"0":{"name":"(anonymous_0)","decl":{"start":{"line":8,"column":4},"end":{"line":8,"column":16}},"loc":{"start":{"line":8,"column":32},"end":{"line":13,"column":5}}},"1":{"name":"(anonymous_1)","decl":{"start":{"line":15,"column":12},"end":{"line":15,"column":21}},"loc":{"start":{"line":15,"column":21},"end":{"line":17,"column":5}}}},"branchMap":{},"s":{"0":1,"1":1,"2":2,"3":2,"4":2,"5":2,"6":2,"7":1},"f":{"0":2,"1":2},"b":{}}
,"C:\\Users\\localuser\\Documents\\GitHub\\Gifts_List\\backend\\src\\useCases\\UseCases.ts": {"path":"C:\\Users\\localuser\\Documents\\GitHub\\Gifts_List\\backend\\src\\useCases\\UseCases.ts","statementMap":{"0":{"start":{"line":1,"column":0},"end":{"line":1,"column":30}},"1":{"start":{"line":3,"column":0},"end":{"line":3,"column":63}},"2":{"start":{"line":8,"column":8},"end":{"line":8,"column":null}},"3":{"start":{"line":12,"column":25},"end":{"line":12,"column":74}},"4":{"start":{"line":13,"column":8},"end":{"line":15,"column":9}},"5":{"start":{"line":14,"column":12},"end":{"line":14,"column":null}},"6":{"start":{"line":16,"column":29},"end":{"line":16,"column":52}},"7":{"start":{"line":18,"column":8},"end":{"line":24,"column":9}},"8":{"start":{"line":19,"column":27},"end":{"line":19,"column":101}},"9":{"start":{"line":20,"column":12},"end":{"line":20,"column":26}},"10":{"start":{"line":23,"column":12},"end":{"line":23,"column":null}},"11":{"start":{"line":30,"column":8},"end":{"line":30,"column":15}}},"fnMap":{"0":{"name":"(anonymous_0)","decl":{"start":{"line":7,"column":4},"end":{"line":7,"column":null}},"loc":{"start":{"line":7,"column":4},"end":{"line":9,"column":5}}},"1":{"name":"(anonymous_1)","decl":{"start":{"line":11,"column":4},"end":{"line":11,"column":9}},"loc":{"start":{"line":11,"column":50},"end":{"line":26,"column":5}}}},"branchMap":{"0":{"loc":{"start":{"line":13,"column":8},"end":{"line":15,"column":9}},"type":"if","locations":[{"start":{"line":13,"column":8},"end":{"line":15,"column":9}}]}},"s":{"0":1,"1":1,"2":2,"3":2,"4":2,"5":1,"6":1,"7":1,"8":1,"9":1,"10":0,"11":1},"f":{"0":2,"1":2},"b":{"0":[1]}}
}
